iMPACT Version: 
iMPACT log file Started on Thu Nov 28 14:05:32 2013

// *** BATCH CMD : setMode -bs
// *** BATCH CMD : setMode -bs
GUI --- Auto connect to cable...
// *** BATCH CMD : setCable -port auto
AutoDetecting cable. Please wait.
PROGRESS_START - Starting Operation.
Connecting to cable (Parallel Port - LPT1).
Checking cable driver.
 Driver windrvr6.sys version = 8.1.1.0. WinDriver v8.11 Jungo (c) 1997 - 2006 Build Date: Oct 16 2006 X86 32bit SYS12:35:07, version = 811.
 LPT base address = 0378h.
 ECP base address = 0778h.
Cable connection established.
PROGRESS_END - End Operation.
Elapsed time =      1 sec.
Attempting to identify devices in the boundary-scan chain configuration...// *** BATCH CMD : Identify 
PROGRESS_START - Starting Operation.
Identifying chain contents ....'1': : Manufacturer's ID =Xilinx xc95108, Version : 2
INFO:iMPACT:1777 - 
   Reading d:/Xilinx91i/xc9500/data/xc95108.bsd...
INFO:iMPACT:501 - '1': Added Device xc95108 successfully.
----------------------------------------------------------------------
----------------------------------------------------------------------
done.
PROGRESS_END - End Operation.
Elapsed time =      1 sec.
// *** BATCH CMD : identifyMPM 
// *** BATCH CMD : assignFile -p 1 -file"F:/chendaixie/OpticalCouple_TD/CPLD/CPLD_AD669_4Chips/AD669_4Chips.jed"
'1': Loading file'F:/chendaixie/OpticalCouple_TD/CPLD/CPLD_AD669_4Chips/AD669_4Chips.jed' ...
done.
INFO:iMPACT:501 - '1': Added Device xc95108 successfully.
----------------------------------------------------------------------
----------------------------------------------------------------------
----------------------------------------------------------------------
----------------------------------------------------------------------
// *** BATCH CMD : Program -p 1 -e -defaultVersion 0 
Maximum TCK operating frequency for this device chain: 0.
Validating chain...
Boundary-scan chain validated successfully.
PROGRESS_START - Starting Operation.
'1': Erasing device...
'1': Erasure completed successfully.
'1': Programming device...
done.
'1': Programming completed successfully.
PROGRESS_END - End Operation.
Elapsed time =     11 sec.
// *** BATCH CMD : Program -p 1 -e -defaultVersion 0 
Maximum TCK operating frequency for this device chain: 0.
Validating chain...
Boundary-scan chain validated successfully.
'1': Erasing device...
PROGRESS_START - Starting Operation.
'1': Erasure completed successfully.
'1': Programming device...
done.
'1': Programming completed successfully.
PROGRESS_END - End Operation.
Elapsed time =     10 sec.
// *** BATCH CMD : Program -p 1 -e -defaultVersion 0 
ERROR:iMPACT:583 - '1': The idcode read from the device does not match the   idcode in the bsdl File.
INFO:iMPACT:1578 - '1':  Device IDCODE :        11111111111111111111111111111111
INFO:iMPACT:1579 - '1': Expected IDCODE:    00101001010100000110000010010011
PROGRESS_END - End Operation.
Elapsed time =      0 sec.
PROGRESS_START - Starting Operation.
// *** BATCH CMD : Program -p 1 -e -defaultVersion 0 
Maximum TCK operating frequency for this device chain: 0.
Validating chain...
Boundary-scan chain validated successfully.
'1': Erasing device...
PROGRESS_START - Starting Operation.
'1': Erasure completed successfully.
'1': Programming device...
done.
'1': Programming completed successfully.
PROGRESS_END - End Operation.
Elapsed time =     10 sec.
// *** BATCH CMD : setMode -bs
// *** BATCH CMD : deleteDevice -position 1
// *** BATCH CMD : setMode -ss
// *** BATCH CMD : setMode -sm
// *** BATCH CMD : setMode -hw140
// *** BATCH CMD : setMode -spi
// *** BATCH CMD : setMode -acecf
// *** BATCH CMD : setMode -acempm
// *** BATCH CMD : setMode -pff
// *** BATCH CMD : setMode -bs
